0 info it worked if it ends with ok
1 verbose cli [ '/usr/local/bin/node', '/usr/local/bin/npm', 'publish' ]
2 info using npm@3.3.6
3 info using node@v5.0.0
4 verbose publish [ '.' ]
5 silly cache add args [ '.', null ]
6 verbose cache add spec .
7 silly cache add parsed spec Result {
7 silly cache add   raw: '.',
7 silly cache add   scope: null,
7 silly cache add   name: null,
7 silly cache add   rawSpec: '.',
7 silly cache add   spec: '/Users/ming/web_prj/testExpress',
7 silly cache add   type: 'directory' }
8 verbose addLocalDirectory /Users/ming/.npm/aaa/0.0.1/package.tgz not in flight; packing
9 info lifecycle aaa@0.0.1~prepublish: aaa@0.0.1
10 silly lifecycle aaa@0.0.1~prepublish: no script for prepublish, continuing
11 verbose tar pack [ '/Users/ming/.npm/aaa/0.0.1/package.tgz',
11 verbose tar pack   '/Users/ming/web_prj/testExpress' ]
12 verbose tarball /Users/ming/.npm/aaa/0.0.1/package.tgz
13 verbose folder /Users/ming/web_prj/testExpress
14 verbose addLocalTarball adding from inside cache /Users/ming/.npm/aaa/0.0.1/package.tgz
15 silly cache afterAdd aaa@0.0.1
16 verbose afterAdd /Users/ming/.npm/aaa/0.0.1/package/package.json not in flight; writing
17 verbose afterAdd /Users/ming/.npm/aaa/0.0.1/package/package.json written
18 silly publish { name: 'aaa',
18 silly publish   version: '0.0.1',
18 silly publish   private: false,
18 silly publish   scripts: { start: 'node ./bin/www' },
18 silly publish   description: 'token dfhdjsdjhf',
18 silly publish   main: 'app.js',
18 silly publish   devDependencies: {},
18 silly publish   repository:
18 silly publish    { type: 'git',
18 silly publish      url: 'git+https://github.com/haming/testExpress.git' },
18 silly publish   keywords: [ 'wechat', 'token' ],
18 silly publish   author: { name: 'haoming' },
18 silly publish   license: 'MIT',
18 silly publish   bugs: { url: 'https://github.com/haming/testExpress/issues' },
18 silly publish   homepage: 'https://github.com/haming/testExpress#readme',
18 silly publish   gitHead: '0f1f048c4c7133c7d3af1544045a84498d53966a',
18 silly publish   readme: 'ERROR: No README data found!',
18 silly publish   _id: 'aaa@0.0.1',
18 silly publish   _shasum: '7749440a92e5d078ef0bb93b94b92e69c3c7401b',
18 silly publish   _from: '.' }
19 verbose getPublishConfig undefined
20 silly mapToRegistry name aaa
21 silly mapToRegistry using default registry
22 silly mapToRegistry registry http://registry.npm.taobao.org/
23 silly mapToRegistry uri http://registry.npm.taobao.org/aaa
24 verbose publish registryBase http://registry.npm.taobao.org/
25 silly publish uploading /Users/ming/.npm/aaa/0.0.1/package.tgz
26 verbose request uri http://registry.npm.taobao.org/aaa
27 verbose request sending authorization for write operation
28 info attempt registry request try #1 at 10:55:42 AM
29 verbose request id da8cbd1c0680d576
30 http request PUT http://registry.npm.taobao.org/aaa
31 http 403 http://registry.npm.taobao.org/aaa
32 verbose headers { date: 'Mon, 14 Dec 2015 02:55:43 GMT',
32 verbose headers   'content-type': 'application/json; charset=utf-8',
32 verbose headers   'content-length': '87',
32 verbose headers   connection: 'keep-alive',
32 verbose headers   'x-readtime': '16' }
33 verbose request invalidating /Users/ming/.npm/registry.npm.taobao.org/aaa on PUT
34 error publish Failed PUT 403
35 verbose stack Error: no_perms Private mode enable, only admin can publish this module: aaa
35 verbose stack     at makeError (/usr/local/lib/node_modules/npm/node_modules/npm-registry-client/lib/request.js:264:12)
35 verbose stack     at CachingRegistryClient.<anonymous> (/usr/local/lib/node_modules/npm/node_modules/npm-registry-client/lib/request.js:252:14)
35 verbose stack     at Request._callback (/usr/local/lib/node_modules/npm/node_modules/npm-registry-client/lib/request.js:172:14)
35 verbose stack     at Request.self.callback (/usr/local/lib/node_modules/npm/node_modules/request/request.js:198:22)
35 verbose stack     at emitTwo (events.js:87:13)
35 verbose stack     at Request.emit (events.js:172:7)
35 verbose stack     at Request.<anonymous> (/usr/local/lib/node_modules/npm/node_modules/request/request.js:1063:14)
35 verbose stack     at emitOne (events.js:82:20)
35 verbose stack     at Request.emit (events.js:169:7)
35 verbose stack     at IncomingMessage.<anonymous> (/usr/local/lib/node_modules/npm/node_modules/request/request.js:1009:12)
36 verbose statusCode 403
37 verbose pkgid aaa
38 verbose cwd /Users/ming/web_prj/testExpress
39 error Darwin 14.0.0
40 error argv "/usr/local/bin/node" "/usr/local/bin/npm" "publish"
41 error node v5.0.0
42 error npm  v3.3.6
43 error code E403
44 error no_perms Private mode enable, only admin can publish this module: aaa
45 error If you need help, you may report this error at:
45 error     <https://github.com/npm/npm/issues>
46 verbose exit [ 1, true ]
